<?xml version="1.0" encoding="utf-8"?>
<CoverageSession xmlns:xsd="http://www.w3.org/2001/XMLSchema" xmlns:xsi="http://www.w3.org/2001/XMLSchema-instance">
  <Summary numSequencePoints="182" visitedSequencePoints="174" numBranchPoints="48" visitedBranchPoints="46" sequenceCoverage="95.60" branchCoverage="95.83" maxCyclomaticComplexity="4" minCyclomaticComplexity="0" />
  <Modules>
    <Module skippedDueTo="Filter" hash="8E-49-BC-0C-F3-9C-C3-E0-7B-85-DE-FF-37-ED-EA-7B-27-B3-AF-06">
      <FullName>C:\Windows\Microsoft.Net\assembly\GAC_32\mscorlib\v4.0_4.0.0.0__b77a5c561934e089\mscorlib.dll</FullName>
      <ModuleName>mscorlib</ModuleName>
      <Classes />
    </Module>
    <Module skippedDueTo="MissingPdb" hash="37-80-BE-DC-A8-79-2C-78-4A-75-9F-D4-19-B1-3A-5A-48-3E-CA-03">
      <FullName>C:\Program Files (x86)\SharpDevelop\5.1\bin\Tools\NUnit\nunit-console-x86.exe</FullName>
      <ModuleName>nunit-console</ModuleName>
      <Classes />
    </Module>
    <Module skippedDueTo="MissingPdb" hash="33-E1-CA-24-52-5A-B7-C7-C4-AF-91-2C-A9-4A-C0-37-67-0D-5B-FE">
      <FullName>C:\Program Files (x86)\SharpDevelop\5.1\bin\Tools\NUnit\lib\nunit.core.dll</FullName>
      <ModuleName>nunit.core</ModuleName>
      <Classes />
    </Module>
    <Module skippedDueTo="MissingPdb" hash="2A-C4-E5-DE-F3-EE-AD-84-E1-65-84-CC-15-90-76-96-E7-01-44-4E">
      <FullName>C:\Program Files (x86)\SharpDevelop\5.1\bin\Tools\NUnit\lib\nunit-console-runner.dll</FullName>
      <ModuleName>nunit-console-runner</ModuleName>
      <Classes />
    </Module>
    <Module skippedDueTo="MissingPdb" hash="74-74-F6-87-59-E1-5F-4F-5F-5E-6E-82-50-E8-E2-46-D4-86-15-76">
      <FullName>C:\Program Files (x86)\SharpDevelop\5.1\bin\Tools\NUnit\lib\nunit.util.dll</FullName>
      <ModuleName>nunit.util</ModuleName>
      <Classes />
    </Module>
    <Module skippedDueTo="MissingPdb" hash="D3-A4-4D-85-55-F7-CE-EF-A5-90-AA-EF-58-E0-9F-B6-CC-27-99-53">
      <FullName>C:\Program Files (x86)\SharpDevelop\5.1\bin\Tools\NUnit\lib\nunit.core.interfaces.dll</FullName>
      <ModuleName>nunit.core.interfaces</ModuleName>
      <Classes />
    </Module>
    <Module skippedDueTo="Filter" hash="FB-D4-0E-90-EA-AB-B0-1B-C4-12-8E-0A-26-C7-FA-75-AA-39-11-98">
      <FullName>C:\Windows\Microsoft.Net\assembly\GAC_MSIL\System.Configuration\v4.0_4.0.0.0__b03f5f7f11d50a3a\System.Configuration.dll</FullName>
      <ModuleName>System.Configuration</ModuleName>
      <Classes />
    </Module>
    <Module skippedDueTo="Filter" hash="27-41-07-55-DF-45-E4-DC-F1-77-4B-40-E2-0C-F2-06-36-B3-3B-FE">
      <FullName>C:\Windows\Microsoft.Net\assembly\GAC_MSIL\System\v4.0_4.0.0.0__b77a5c561934e089\System.dll</FullName>
      <ModuleName>System</ModuleName>
      <Classes />
    </Module>
    <Module skippedDueTo="Filter" hash="58-2A-4C-0C-25-69-3C-E5-E8-8F-0E-35-DB-19-D0-78-0E-D1-10-FA">
      <FullName>C:\Windows\Microsoft.Net\assembly\GAC_MSIL\System.Xml\v4.0_4.0.0.0__b77a5c561934e089\System.Xml.dll</FullName>
      <ModuleName>System.Xml</ModuleName>
      <Classes />
    </Module>
    <Module skippedDueTo="Filter" hash="28-0C-20-89-AF-F2-31-7C-A8-94-D8-F9-8D-89-FC-BE-29-B5-8B-89">
      <FullName>C:\Windows\Microsoft.Net\assembly\GAC_MSIL\System.Runtime.Remoting\v4.0_4.0.0.0__b77a5c561934e089\System.Runtime.Remoting.dll</FullName>
      <ModuleName>System.Runtime.Remoting</ModuleName>
      <Classes />
    </Module>
    <Module skippedDueTo="Filter" hash="44-31-A6-EA-E5-AC-20-AB-29-FA-FB-F0-98-90-32-58-AB-0B-83-7D">
      <FullName>C:\Windows\Microsoft.Net\assembly\GAC_MSIL\System.Core\v4.0_4.0.0.0__b77a5c561934e089\System.Core.dll</FullName>
      <ModuleName>System.Core</ModuleName>
      <Classes />
    </Module>
    <Module skippedDueTo="Filter" hash="0F-94-B4-45-1A-A1-ED-F4-34-E6-2B-78-91-D2-12-6C-D2-A0-99-73">
      <FullName>C:\Windows\Microsoft.Net\assembly\GAC_MSIL\mscorlib.resources\v4.0_4.0.0.0_es_b77a5c561934e089\mscorlib.resources.dll</FullName>
      <ModuleName>mscorlib.resources</ModuleName>
      <Classes />
    </Module>
    <Module hash="DD-68-A4-68-8F-6E-8A-A5-74-65-7E-18-44-1C-33-98-EC-56-F9-24">
      <Summary numSequencePoints="182" visitedSequencePoints="174" numBranchPoints="48" visitedBranchPoints="46" sequenceCoverage="95.60" branchCoverage="95.83" maxCyclomaticComplexity="4" minCyclomaticComplexity="0" />
      <FullName>C:\Users\Sercop-Admin\AppData\Local\Temp\nunit20\ShadowCopyCache\6772_636516970912553127\Tests_6978611\assembly\dl3\cdb15b3a\52a46686_e28ed301\prueba.exe</FullName>
      <ModuleName>prueba</ModuleName>
      <Files>
        <File uid="1" fullPath="c:\Users\Sercop-Admin\Documents\SharpDevelop Projects\holaMundo\pruebaCSharp\holaMundo\Program.cs" />
        <File uid="2" fullPath="c:\Users\Sercop-Admin\Documents\SharpDevelop Projects\holaMundo\pruebaCSharp\holaMundo\Suma.cs" />
        <File uid="3" fullPath="c:\Users\Sercop-Admin\Documents\SharpDevelop Projects\holaMundo\pruebaCSharp\holaMundo\SumaTest.cs" />
      </Files>
      <Classes>
        <Class>
          <Summary numSequencePoints="0" visitedSequencePoints="0" numBranchPoints="0" visitedBranchPoints="0" sequenceCoverage="0" branchCoverage="0" maxCyclomaticComplexity="0" minCyclomaticComplexity="0" />
          <FullName>&lt;Module&gt;</FullName>
          <Methods />
        </Class>
        <Class>
          <Summary numSequencePoints="5" visitedSequencePoints="0" numBranchPoints="1" visitedBranchPoints="0" sequenceCoverage="0" branchCoverage="0" maxCyclomaticComplexity="1" minCyclomaticComplexity="1" />
          <FullName>prueba.Program</FullName>
          <Methods>
            <Method visited="false" cyclomaticComplexity="1" sequenceCoverage="0" branchCoverage="0" isConstructor="false" isStatic="true" isGetter="false" isSetter="false">
              <Summary numSequencePoints="5" visitedSequencePoints="0" numBranchPoints="1" visitedBranchPoints="0" sequenceCoverage="0" branchCoverage="0" maxCyclomaticComplexity="1" minCyclomaticComplexity="1" />
              <MetadataToken>100663297</MetadataToken>
              <Name>System.Void prueba.Program::Main(System.String[])</Name>
              <FileRef uid="1" />
              <SequencePoints>
                <SequencePoint vc="0" uspid="1" ordinal="0" offset="0" sl="16" sc="3" el="16" ec="4" bec="0" bev="0" fileid="1" />
                <SequencePoint vc="0" uspid="2" ordinal="1" offset="1" sl="17" sc="4" el="17" ec="38" bec="0" bev="0" fileid="1" />
                <SequencePoint vc="0" uspid="3" ordinal="2" offset="12" sl="21" sc="4" el="21" ec="54" bec="0" bev="0" fileid="1" />
                <SequencePoint vc="0" uspid="4" ordinal="3" offset="23" sl="22" sc="4" el="22" ec="26" bec="0" bev="0" fileid="1" />
                <SequencePoint vc="0" uspid="5" ordinal="4" offset="30" sl="23" sc="3" el="23" ec="4" bec="0" bev="0" fileid="1" />
              </SequencePoints>
              <BranchPoints />
              <MethodPoint xsi:type="SequencePoint" vc="0" uspid="1" ordinal="0" offset="0" sl="16" sc="3" el="16" ec="4" bec="0" bev="0" fileid="1" />
            </Method>
            <Method visited="false" cyclomaticComplexity="1" sequenceCoverage="0" branchCoverage="0" isConstructor="true" isStatic="false" isGetter="false" isSetter="false">
              <Summary numSequencePoints="0" visitedSequencePoints="0" numBranchPoints="0" visitedBranchPoints="0" sequenceCoverage="0" branchCoverage="0" maxCyclomaticComplexity="1" minCyclomaticComplexity="1" />
              <MetadataToken>100663298</MetadataToken>
              <Name>System.Void prueba.Program::.ctor()</Name>
              <SequencePoints />
              <BranchPoints />
              <MethodPoint vc="0" uspid="6" ordinal="0" offset="0" />
            </Method>
          </Methods>
        </Class>
        <Class>
          <Summary numSequencePoints="91" visitedSequencePoints="89" numBranchPoints="33" visitedBranchPoints="32" sequenceCoverage="97.80" branchCoverage="96.97" maxCyclomaticComplexity="4" minCyclomaticComplexity="1" />
          <FullName>holaMundo.Suma</FullName>
          <Methods>
            <Method visited="true" cyclomaticComplexity="1" sequenceCoverage="100" branchCoverage="100" isConstructor="false" isStatic="false" isGetter="false" isSetter="false">
              <Summary numSequencePoints="3" visitedSequencePoints="3" numBranchPoints="1" visitedBranchPoints="1" sequenceCoverage="100" branchCoverage="100" maxCyclomaticComplexity="1" minCyclomaticComplexity="1" />
              <MetadataToken>100663299</MetadataToken>
              <Name>System.Int32 holaMundo.Suma::sumaDosNumeros(System.Int32,System.Int32)</Name>
              <FileRef uid="2" />
              <SequencePoints>
                <SequencePoint vc="3" uspid="7" ordinal="0" offset="0" sl="18" sc="42" el="18" ec="43" bec="0" bev="0" fileid="2" />
                <SequencePoint vc="3" uspid="8" ordinal="1" offset="1" sl="19" sc="5" el="19" ec="18" bec="0" bev="0" fileid="2" />
                <SequencePoint vc="3" uspid="9" ordinal="2" offset="7" sl="20" sc="3" el="20" ec="4" bec="0" bev="0" fileid="2" />
              </SequencePoints>
              <BranchPoints />
              <MethodPoint xsi:type="SequencePoint" vc="3" uspid="7" ordinal="0" offset="0" sl="18" sc="42" el="18" ec="43" bec="0" bev="0" fileid="2" />
            </Method>
            <Method visited="true" cyclomaticComplexity="3" sequenceCoverage="86.67" branchCoverage="80" isConstructor="false" isStatic="false" isGetter="false" isSetter="false">
              <Summary numSequencePoints="15" visitedSequencePoints="13" numBranchPoints="5" visitedBranchPoints="4" sequenceCoverage="86.67" branchCoverage="80" maxCyclomaticComplexity="3" minCyclomaticComplexity="3" />
              <MetadataToken>100663300</MetadataToken>
              <Name>System.Int32 holaMundo.Suma::sumaDeNNumeros(System.Int32[])</Name>
              <FileRef uid="2" />
              <SequencePoints>
                <SequencePoint vc="3" uspid="10" ordinal="0" offset="0" sl="22" sc="44" el="22" ec="45" bec="0" bev="0" fileid="2" />
                <SequencePoint vc="3" uspid="11" ordinal="1" offset="1" sl="23" sc="4" el="23" ec="22" bec="0" bev="0" fileid="2" />
                <SequencePoint vc="3" uspid="12" ordinal="2" offset="3" sl="24" sc="4" el="24" ec="27" bec="2" bev="1" fileid="2" />
                <SequencePoint vc="0" uspid="13" ordinal="3" offset="16" sl="25" sc="4" el="25" ec="5" bec="0" bev="0" fileid="2" />
                <SequencePoint vc="0" uspid="14" ordinal="4" offset="17" sl="26" sc="5" el="26" ec="14" bec="0" bev="0" fileid="2" />
                <SequencePoint vc="3" uspid="15" ordinal="5" offset="21" sl="28" sc="8" el="28" ec="9" bec="0" bev="0" fileid="2" />
                <SequencePoint vc="3" uspid="16" ordinal="6" offset="22" sl="29" sc="9" el="29" ec="19" bec="0" bev="0" fileid="2" />
                <SequencePoint vc="11" uspid="17" ordinal="7" offset="26" sl="29" sc="44" el="29" ec="45" bec="0" bev="0" fileid="2" />
                <SequencePoint vc="11" uspid="18" ordinal="8" offset="27" sl="30" sc="6" el="30" ec="41" bec="0" bev="0" fileid="2" />
                <SequencePoint vc="11" uspid="19" ordinal="9" offset="33" sl="31" sc="5" el="31" ec="6" bec="0" bev="0" fileid="2" />
                <SequencePoint vc="11" uspid="20" ordinal="10" offset="34" sl="29" sc="40" el="29" ec="43" bec="0" bev="0" fileid="2" />
                <SequencePoint vc="14" uspid="21" ordinal="11" offset="38" sl="29" sc="20" el="29" ec="38" bec="2" bev="2" fileid="2" />
                <SequencePoint vc="3" uspid="22" ordinal="12" offset="48" sl="32" sc="4" el="32" ec="5" bec="0" bev="0" fileid="2" />
                <SequencePoint vc="3" uspid="23" ordinal="13" offset="49" sl="33" sc="4" el="33" ec="21" bec="0" bev="0" fileid="2" />
                <SequencePoint vc="3" uspid="24" ordinal="14" offset="53" sl="34" sc="3" el="34" ec="4" bec="0" bev="0" fileid="2" />
              </SequencePoints>
              <BranchPoints>
                <BranchPoint vc="0" uspid="25" ordinal="0" offset="14" path="0" offsetchain="" offsetend="16" />
                <BranchPoint vc="3" uspid="26" ordinal="1" offset="14" path="1" offsetchain="" offsetend="21" />
                <BranchPoint vc="3" uspid="27" ordinal="2" offset="46" path="0" offsetchain="" offsetend="48" />
                <BranchPoint vc="11" uspid="28" ordinal="3" offset="46" path="1" offsetchain="" offsetend="26" />
              </BranchPoints>
              <MethodPoint xsi:type="SequencePoint" vc="3" uspid="10" ordinal="0" offset="0" sl="22" sc="44" el="22" ec="45" bec="0" bev="0" fileid="2" />
            </Method>
            <Method visited="true" cyclomaticComplexity="3" sequenceCoverage="100" branchCoverage="100" isConstructor="false" isStatic="false" isGetter="false" isSetter="false">
              <Summary numSequencePoints="13" visitedSequencePoints="13" numBranchPoints="5" visitedBranchPoints="5" sequenceCoverage="100" branchCoverage="100" maxCyclomaticComplexity="3" minCyclomaticComplexity="3" />
              <MetadataToken>100663301</MetadataToken>
              <Name>System.Int32 holaMundo.Suma::maxNumero(System.Int32[])</Name>
              <FileRef uid="2" />
              <SequencePoints>
                <SequencePoint vc="2" uspid="29" ordinal="0" offset="0" sl="36" sc="39" el="36" ec="40" bec="0" bev="0" fileid="2" />
                <SequencePoint vc="2" uspid="30" ordinal="1" offset="1" sl="37" sc="4" el="37" ec="28" bec="0" bev="0" fileid="2" />
                <SequencePoint vc="2" uspid="31" ordinal="2" offset="5" sl="38" sc="9" el="38" ec="19" bec="0" bev="0" fileid="2" />
                <SequencePoint vc="10" uspid="32" ordinal="3" offset="9" sl="38" sc="44" el="38" ec="45" bec="0" bev="0" fileid="2" />
                <SequencePoint vc="10" uspid="33" ordinal="4" offset="10" sl="39" sc="5" el="39" ec="28" bec="2" bev="2" fileid="2" />
                <SequencePoint vc="1" uspid="34" ordinal="5" offset="23" sl="39" sc="28" el="39" ec="29" bec="0" bev="0" fileid="2" />
                <SequencePoint vc="1" uspid="35" ordinal="6" offset="24" sl="40" sc="6" el="40" ec="26" bec="0" bev="0" fileid="2" />
                <SequencePoint vc="1" uspid="36" ordinal="7" offset="28" sl="41" sc="5" el="41" ec="6" bec="0" bev="0" fileid="2" />
                <SequencePoint vc="10" uspid="37" ordinal="8" offset="29" sl="42" sc="4" el="42" ec="5" bec="0" bev="0" fileid="2" />
                <SequencePoint vc="10" uspid="38" ordinal="9" offset="30" sl="38" sc="40" el="38" ec="43" bec="0" bev="0" fileid="2" />
                <SequencePoint vc="12" uspid="39" ordinal="10" offset="34" sl="38" sc="20" el="38" ec="38" bec="2" bev="2" fileid="2" />
                <SequencePoint vc="2" uspid="40" ordinal="11" offset="44" sl="43" sc="4" el="43" ec="18" bec="0" bev="0" fileid="2" />
                <SequencePoint vc="2" uspid="41" ordinal="12" offset="48" sl="44" sc="3" el="44" ec="4" bec="0" bev="0" fileid="2" />
              </SequencePoints>
              <BranchPoints>
                <BranchPoint vc="1" uspid="42" ordinal="0" offset="21" path="0" offsetchain="" offsetend="23" />
                <BranchPoint vc="9" uspid="43" ordinal="1" offset="21" path="1" offsetchain="" offsetend="29" />
                <BranchPoint vc="2" uspid="44" ordinal="2" offset="42" path="0" offsetchain="" offsetend="44" />
                <BranchPoint vc="10" uspid="45" ordinal="3" offset="42" path="1" offsetchain="" offsetend="9" />
              </BranchPoints>
              <MethodPoint xsi:type="SequencePoint" vc="2" uspid="29" ordinal="0" offset="0" sl="36" sc="39" el="36" ec="40" bec="0" bev="0" fileid="2" />
            </Method>
            <Method visited="true" cyclomaticComplexity="3" sequenceCoverage="100" branchCoverage="100" isConstructor="false" isStatic="false" isGetter="false" isSetter="false">
              <Summary numSequencePoints="13" visitedSequencePoints="13" numBranchPoints="5" visitedBranchPoints="5" sequenceCoverage="100" branchCoverage="100" maxCyclomaticComplexity="3" minCyclomaticComplexity="3" />
              <MetadataToken>100663302</MetadataToken>
              <Name>System.Int32 holaMundo.Suma::minNumero(System.Int32[])</Name>
              <FileRef uid="2" />
              <SequencePoints>
                <SequencePoint vc="1" uspid="46" ordinal="0" offset="0" sl="46" sc="39" el="46" ec="40" bec="0" bev="0" fileid="2" />
                <SequencePoint vc="1" uspid="47" ordinal="1" offset="1" sl="47" sc="4" el="47" ec="28" bec="0" bev="0" fileid="2" />
                <SequencePoint vc="1" uspid="48" ordinal="2" offset="5" sl="48" sc="9" el="48" ec="19" bec="0" bev="0" fileid="2" />
                <SequencePoint vc="6" uspid="49" ordinal="3" offset="9" sl="48" sc="44" el="48" ec="45" bec="0" bev="0" fileid="2" />
                <SequencePoint vc="6" uspid="50" ordinal="4" offset="10" sl="49" sc="5" el="49" ec="28" bec="2" bev="2" fileid="2" />
                <SequencePoint vc="2" uspid="51" ordinal="5" offset="23" sl="49" sc="28" el="49" ec="29" bec="0" bev="0" fileid="2" />
                <SequencePoint vc="2" uspid="52" ordinal="6" offset="24" sl="50" sc="6" el="50" ec="26" bec="0" bev="0" fileid="2" />
                <SequencePoint vc="2" uspid="53" ordinal="7" offset="28" sl="51" sc="5" el="51" ec="6" bec="0" bev="0" fileid="2" />
                <SequencePoint vc="6" uspid="54" ordinal="8" offset="29" sl="52" sc="4" el="52" ec="5" bec="0" bev="0" fileid="2" />
                <SequencePoint vc="6" uspid="55" ordinal="9" offset="30" sl="48" sc="40" el="48" ec="43" bec="0" bev="0" fileid="2" />
                <SequencePoint vc="7" uspid="56" ordinal="10" offset="34" sl="48" sc="20" el="48" ec="38" bec="2" bev="2" fileid="2" />
                <SequencePoint vc="1" uspid="57" ordinal="11" offset="44" sl="53" sc="4" el="53" ec="18" bec="0" bev="0" fileid="2" />
                <SequencePoint vc="1" uspid="58" ordinal="12" offset="48" sl="54" sc="3" el="54" ec="4" bec="0" bev="0" fileid="2" />
              </SequencePoints>
              <BranchPoints>
                <BranchPoint vc="2" uspid="59" ordinal="0" offset="21" path="0" offsetchain="" offsetend="23" />
                <BranchPoint vc="4" uspid="60" ordinal="1" offset="21" path="1" offsetchain="" offsetend="29" />
                <BranchPoint vc="1" uspid="61" ordinal="2" offset="42" path="0" offsetchain="" offsetend="44" />
                <BranchPoint vc="6" uspid="62" ordinal="3" offset="42" path="1" offsetchain="" offsetend="9" />
              </BranchPoints>
              <MethodPoint xsi:type="SequencePoint" vc="1" uspid="46" ordinal="0" offset="0" sl="46" sc="39" el="46" ec="40" bec="0" bev="0" fileid="2" />
            </Method>
            <Method visited="true" cyclomaticComplexity="4" sequenceCoverage="100" branchCoverage="100" isConstructor="false" isStatic="false" isGetter="false" isSetter="false">
              <Summary numSequencePoints="20" visitedSequencePoints="20" numBranchPoints="7" visitedBranchPoints="7" sequenceCoverage="100" branchCoverage="100" maxCyclomaticComplexity="4" minCyclomaticComplexity="4" />
              <MetadataToken>100663303</MetadataToken>
              <Name>System.Int32[] holaMundo.Suma::bubbleSortMenorAMayor(System.Int32[])</Name>
              <FileRef uid="2" />
              <SequencePoints>
                <SequencePoint vc="1" uspid="63" ordinal="0" offset="0" sl="56" sc="53" el="56" ec="54" bec="0" bev="0" fileid="2" />
                <SequencePoint vc="1" uspid="64" ordinal="1" offset="1" sl="57" sc="4" el="57" ec="17" bec="0" bev="0" fileid="2" />
                <SequencePoint vc="1" uspid="65" ordinal="2" offset="3" sl="58" sc="9" el="58" ec="23" bec="0" bev="0" fileid="2" />
                <SequencePoint vc="6" uspid="66" ordinal="3" offset="7" sl="58" sc="57" el="58" ec="58" bec="0" bev="0" fileid="2" />
                <SequencePoint vc="6" uspid="67" ordinal="4" offset="8" sl="59" sc="13" el="59" ec="26" bec="0" bev="0" fileid="2" />
                <SequencePoint vc="30" uspid="68" ordinal="5" offset="12" sl="59" sc="62" el="59" ec="63" bec="0" bev="0" fileid="2" />
                <SequencePoint vc="30" uspid="69" ordinal="6" offset="13" sl="60" sc="12" el="60" ec="50" bec="2" bev="2" fileid="2" />
                <SequencePoint vc="6" uspid="70" ordinal="7" offset="32" sl="60" sc="51" el="60" ec="52" bec="0" bev="0" fileid="2" />
                <SequencePoint vc="6" uspid="71" ordinal="8" offset="33" sl="61" sc="16" el="61" ec="41" bec="0" bev="0" fileid="2" />
                <SequencePoint vc="6" uspid="72" ordinal="9" offset="39" sl="62" sc="16" el="62" ec="50" bec="0" bev="0" fileid="2" />
                <SequencePoint vc="6" uspid="73" ordinal="10" offset="47" sl="63" sc="16" el="63" ec="37" bec="0" bev="0" fileid="2" />
                <SequencePoint vc="6" uspid="74" ordinal="11" offset="51" sl="64" sc="12" el="64" ec="13" bec="0" bev="0" fileid="2" />
                <SequencePoint vc="30" uspid="75" ordinal="12" offset="52" sl="65" sc="8" el="65" ec="9" bec="0" bev="0" fileid="2" />
                <SequencePoint vc="30" uspid="76" ordinal="13" offset="53" sl="59" sc="54" el="59" ec="60" bec="0" bev="0" fileid="2" />
                <SequencePoint vc="36" uspid="77" ordinal="14" offset="57" sl="59" sc="27" el="59" ec="52" bec="2" bev="2" fileid="2" />
                <SequencePoint vc="6" uspid="78" ordinal="15" offset="71" sl="66" sc="4" el="66" ec="5" bec="0" bev="0" fileid="2" />
                <SequencePoint vc="6" uspid="79" ordinal="16" offset="72" sl="58" sc="48" el="58" ec="55" bec="0" bev="0" fileid="2" />
                <SequencePoint vc="7" uspid="80" ordinal="17" offset="76" sl="58" sc="24" el="58" ec="46" bec="2" bev="2" fileid="2" />
                <SequencePoint vc="1" uspid="81" ordinal="18" offset="88" sl="67" sc="4" el="67" ec="19" bec="0" bev="0" fileid="2" />
                <SequencePoint vc="1" uspid="82" ordinal="19" offset="92" sl="68" sc="3" el="68" ec="4" bec="0" bev="0" fileid="2" />
              </SequencePoints>
              <BranchPoints>
                <BranchPoint vc="6" uspid="83" ordinal="0" offset="30" path="0" offsetchain="" offsetend="32" />
                <BranchPoint vc="24" uspid="84" ordinal="1" offset="30" path="1" offsetchain="" offsetend="52" />
                <BranchPoint vc="6" uspid="85" ordinal="2" offset="69" path="0" offsetchain="" offsetend="71" />
                <BranchPoint vc="30" uspid="86" ordinal="3" offset="69" path="1" offsetchain="" offsetend="12" />
                <BranchPoint vc="1" uspid="87" ordinal="4" offset="86" path="0" offsetchain="" offsetend="88" />
                <BranchPoint vc="6" uspid="88" ordinal="5" offset="86" path="1" offsetchain="" offsetend="7" />
              </BranchPoints>
              <MethodPoint xsi:type="SequencePoint" vc="1" uspid="63" ordinal="0" offset="0" sl="56" sc="53" el="56" ec="54" bec="0" bev="0" fileid="2" />
            </Method>
            <Method visited="true" cyclomaticComplexity="4" sequenceCoverage="100" branchCoverage="100" isConstructor="false" isStatic="false" isGetter="false" isSetter="false">
              <Summary numSequencePoints="20" visitedSequencePoints="20" numBranchPoints="7" visitedBranchPoints="7" sequenceCoverage="100" branchCoverage="100" maxCyclomaticComplexity="4" minCyclomaticComplexity="4" />
              <MetadataToken>100663304</MetadataToken>
              <Name>System.Int32[] holaMundo.Suma::bubbleSortMayorAMenor(System.Int32[])</Name>
              <FileRef uid="2" />
              <SequencePoints>
                <SequencePoint vc="1" uspid="89" ordinal="0" offset="0" sl="70" sc="53" el="70" ec="54" bec="0" bev="0" fileid="2" />
                <SequencePoint vc="1" uspid="90" ordinal="1" offset="1" sl="71" sc="4" el="71" ec="17" bec="0" bev="0" fileid="2" />
                <SequencePoint vc="1" uspid="91" ordinal="2" offset="3" sl="72" sc="9" el="72" ec="23" bec="0" bev="0" fileid="2" />
                <SequencePoint vc="6" uspid="92" ordinal="3" offset="7" sl="72" sc="57" el="72" ec="58" bec="0" bev="0" fileid="2" />
                <SequencePoint vc="6" uspid="93" ordinal="4" offset="8" sl="73" sc="13" el="73" ec="26" bec="0" bev="0" fileid="2" />
                <SequencePoint vc="30" uspid="94" ordinal="5" offset="12" sl="73" sc="62" el="73" ec="63" bec="0" bev="0" fileid="2" />
                <SequencePoint vc="30" uspid="95" ordinal="6" offset="13" sl="74" sc="12" el="74" ec="50" bec="2" bev="2" fileid="2" />
                <SequencePoint vc="8" uspid="96" ordinal="7" offset="32" sl="74" sc="51" el="74" ec="52" bec="0" bev="0" fileid="2" />
                <SequencePoint vc="8" uspid="97" ordinal="8" offset="33" sl="75" sc="16" el="75" ec="41" bec="0" bev="0" fileid="2" />
                <SequencePoint vc="8" uspid="98" ordinal="9" offset="39" sl="76" sc="16" el="76" ec="50" bec="0" bev="0" fileid="2" />
                <SequencePoint vc="8" uspid="99" ordinal="10" offset="47" sl="77" sc="16" el="77" ec="37" bec="0" bev="0" fileid="2" />
                <SequencePoint vc="8" uspid="100" ordinal="11" offset="51" sl="78" sc="12" el="78" ec="13" bec="0" bev="0" fileid="2" />
                <SequencePoint vc="30" uspid="101" ordinal="12" offset="52" sl="79" sc="8" el="79" ec="9" bec="0" bev="0" fileid="2" />
                <SequencePoint vc="30" uspid="102" ordinal="13" offset="53" sl="73" sc="54" el="73" ec="60" bec="0" bev="0" fileid="2" />
                <SequencePoint vc="36" uspid="103" ordinal="14" offset="57" sl="73" sc="27" el="73" ec="52" bec="2" bev="2" fileid="2" />
                <SequencePoint vc="6" uspid="104" ordinal="15" offset="71" sl="80" sc="4" el="80" ec="5" bec="0" bev="0" fileid="2" />
                <SequencePoint vc="6" uspid="105" ordinal="16" offset="72" sl="72" sc="48" el="72" ec="55" bec="0" bev="0" fileid="2" />
                <SequencePoint vc="7" uspid="106" ordinal="17" offset="76" sl="72" sc="24" el="72" ec="46" bec="2" bev="2" fileid="2" />
                <SequencePoint vc="1" uspid="107" ordinal="18" offset="88" sl="81" sc="4" el="81" ec="19" bec="0" bev="0" fileid="2" />
                <SequencePoint vc="1" uspid="108" ordinal="19" offset="92" sl="82" sc="3" el="82" ec="4" bec="0" bev="0" fileid="2" />
              </SequencePoints>
              <BranchPoints>
                <BranchPoint vc="8" uspid="109" ordinal="0" offset="30" path="0" offsetchain="" offsetend="32" />
                <BranchPoint vc="22" uspid="110" ordinal="1" offset="30" path="1" offsetchain="" offsetend="52" />
                <BranchPoint vc="6" uspid="111" ordinal="2" offset="69" path="0" offsetchain="" offsetend="71" />
                <BranchPoint vc="30" uspid="112" ordinal="3" offset="69" path="1" offsetchain="" offsetend="12" />
                <BranchPoint vc="1" uspid="113" ordinal="4" offset="86" path="0" offsetchain="" offsetend="88" />
                <BranchPoint vc="6" uspid="114" ordinal="5" offset="86" path="1" offsetchain="" offsetend="7" />
              </BranchPoints>
              <MethodPoint xsi:type="SequencePoint" vc="1" uspid="89" ordinal="0" offset="0" sl="70" sc="53" el="70" ec="54" bec="0" bev="0" fileid="2" />
            </Method>
            <Method visited="true" cyclomaticComplexity="2" sequenceCoverage="100" branchCoverage="100" isConstructor="false" isStatic="false" isGetter="false" isSetter="false">
              <Summary numSequencePoints="7" visitedSequencePoints="7" numBranchPoints="3" visitedBranchPoints="3" sequenceCoverage="100" branchCoverage="100" maxCyclomaticComplexity="2" minCyclomaticComplexity="2" />
              <MetadataToken>100663305</MetadataToken>
              <Name>System.Int32 holaMundo.Suma::fibonacci(System.Int32)</Name>
              <FileRef uid="2" />
              <SequencePoints>
                <SequencePoint vc="75" uspid="115" ordinal="0" offset="0" sl="85" sc="3" el="85" ec="4" bec="0" bev="0" fileid="2" />
                <SequencePoint vc="75" uspid="116" ordinal="1" offset="1" sl="86" sc="7" el="86" ec="23" bec="2" bev="2" fileid="2" />
                <SequencePoint vc="40" uspid="117" ordinal="2" offset="9" sl="87" sc="7" el="87" ec="8" bec="0" bev="0" fileid="2" />
                <SequencePoint vc="40" uspid="118" ordinal="3" offset="10" sl="88" sc="11" el="88" ec="20" bec="0" bev="0" fileid="2" />
                <SequencePoint vc="35" uspid="119" ordinal="4" offset="14" sl="91" sc="7" el="91" ec="8" bec="0" bev="0" fileid="2" />
                <SequencePoint vc="35" uspid="120" ordinal="5" offset="15" sl="92" sc="11" el="92" ec="64" bec="0" bev="0" fileid="2" />
                <SequencePoint vc="75" uspid="121" ordinal="6" offset="37" sl="94" sc="3" el="94" ec="4" bec="0" bev="0" fileid="2" />
              </SequencePoints>
              <BranchPoints>
                <BranchPoint vc="40" uspid="122" ordinal="0" offset="7" path="0" offsetchain="" offsetend="9" />
                <BranchPoint vc="35" uspid="123" ordinal="1" offset="7" path="1" offsetchain="" offsetend="14" />
              </BranchPoints>
              <MethodPoint xsi:type="SequencePoint" vc="75" uspid="115" ordinal="0" offset="0" sl="85" sc="3" el="85" ec="4" bec="0" bev="0" fileid="2" />
            </Method>
            <Method visited="true" cyclomaticComplexity="1" sequenceCoverage="0" branchCoverage="0" isConstructor="true" isStatic="false" isGetter="false" isSetter="false">
              <Summary numSequencePoints="0" visitedSequencePoints="0" numBranchPoints="0" visitedBranchPoints="0" sequenceCoverage="0" branchCoverage="0" maxCyclomaticComplexity="1" minCyclomaticComplexity="1" />
              <MetadataToken>100663306</MetadataToken>
              <Name>System.Void holaMundo.Suma::.ctor()</Name>
              <SequencePoints />
              <BranchPoints />
              <MethodPoint vc="12" uspid="124" ordinal="0" offset="0" />
            </Method>
          </Methods>
        </Class>
        <Class>
          <Summary numSequencePoints="86" visitedSequencePoints="85" numBranchPoints="14" visitedBranchPoints="14" sequenceCoverage="98.84" branchCoverage="100" maxCyclomaticComplexity="2" minCyclomaticComplexity="1" />
          <FullName>holaMundo.SumaTest</FullName>
          <Methods>
            <Method visited="true" cyclomaticComplexity="1" sequenceCoverage="100" branchCoverage="100" isConstructor="false" isStatic="false" isGetter="false" isSetter="false">
              <Summary numSequencePoints="6" visitedSequencePoints="6" numBranchPoints="1" visitedBranchPoints="1" sequenceCoverage="100" branchCoverage="100" maxCyclomaticComplexity="1" minCyclomaticComplexity="1" />
              <MetadataToken>100663307</MetadataToken>
              <Name>System.Void holaMundo.SumaTest::Suma_DosNumeros_True()</Name>
              <FileRef uid="3" />
              <SequencePoints>
                <SequencePoint vc="1" uspid="125" ordinal="0" offset="0" sl="20" sc="3" el="20" ec="4" bec="0" bev="0" fileid="3" />
                <SequencePoint vc="1" uspid="126" ordinal="1" offset="1" sl="22" sc="4" el="22" ec="21" bec="0" bev="0" fileid="3" />
                <SequencePoint vc="1" uspid="127" ordinal="2" offset="3" sl="23" sc="4" el="23" ec="28" bec="0" bev="0" fileid="3" />
                <SequencePoint vc="1" uspid="128" ordinal="3" offset="9" sl="25" sc="7" el="25" ec="47" bec="0" bev="0" fileid="3" />
                <SequencePoint vc="1" uspid="129" ordinal="4" offset="18" sl="27" sc="4" el="27" ec="37" bec="0" bev="0" fileid="3" />
                <SequencePoint vc="1" uspid="130" ordinal="5" offset="26" sl="28" sc="3" el="28" ec="4" bec="0" bev="0" fileid="3" />
              </SequencePoints>
              <BranchPoints />
              <MethodPoint xsi:type="SequencePoint" vc="1" uspid="125" ordinal="0" offset="0" sl="20" sc="3" el="20" ec="4" bec="0" bev="0" fileid="3" />
            </Method>
            <Method visited="true" cyclomaticComplexity="1" sequenceCoverage="100" branchCoverage="100" isConstructor="false" isStatic="false" isGetter="false" isSetter="false">
              <Summary numSequencePoints="6" visitedSequencePoints="6" numBranchPoints="1" visitedBranchPoints="1" sequenceCoverage="100" branchCoverage="100" maxCyclomaticComplexity="1" minCyclomaticComplexity="1" />
              <MetadataToken>100663308</MetadataToken>
              <Name>System.Void holaMundo.SumaTest::Suma_DosNumerosUnoNegativo_True()</Name>
              <FileRef uid="3" />
              <SequencePoints>
                <SequencePoint vc="1" uspid="131" ordinal="0" offset="0" sl="32" sc="3" el="32" ec="4" bec="0" bev="0" fileid="3" />
                <SequencePoint vc="1" uspid="132" ordinal="1" offset="1" sl="34" sc="4" el="34" ec="21" bec="0" bev="0" fileid="3" />
                <SequencePoint vc="1" uspid="133" ordinal="2" offset="3" sl="35" sc="4" el="35" ec="28" bec="0" bev="0" fileid="3" />
                <SequencePoint vc="1" uspid="134" ordinal="3" offset="9" sl="37" sc="4" el="37" ec="45" bec="0" bev="0" fileid="3" />
                <SequencePoint vc="1" uspid="135" ordinal="4" offset="19" sl="39" sc="4" el="39" ec="37" bec="0" bev="0" fileid="3" />
                <SequencePoint vc="1" uspid="136" ordinal="5" offset="27" sl="40" sc="3" el="40" ec="4" bec="0" bev="0" fileid="3" />
              </SequencePoints>
              <BranchPoints />
              <MethodPoint xsi:type="SequencePoint" vc="1" uspid="131" ordinal="0" offset="0" sl="32" sc="3" el="32" ec="4" bec="0" bev="0" fileid="3" />
            </Method>
            <Method visited="true" cyclomaticComplexity="1" sequenceCoverage="100" branchCoverage="100" isConstructor="false" isStatic="false" isGetter="false" isSetter="false">
              <Summary numSequencePoints="6" visitedSequencePoints="6" numBranchPoints="1" visitedBranchPoints="1" sequenceCoverage="100" branchCoverage="100" maxCyclomaticComplexity="1" minCyclomaticComplexity="1" />
              <MetadataToken>100663309</MetadataToken>
              <Name>System.Void holaMundo.SumaTest::Suma_DosNumerosNegativo_True()</Name>
              <FileRef uid="3" />
              <SequencePoints>
                <SequencePoint vc="1" uspid="137" ordinal="0" offset="0" sl="44" sc="3" el="44" ec="4" bec="0" bev="0" fileid="3" />
                <SequencePoint vc="1" uspid="138" ordinal="1" offset="1" sl="46" sc="4" el="46" ec="22" bec="0" bev="0" fileid="3" />
                <SequencePoint vc="1" uspid="139" ordinal="2" offset="4" sl="47" sc="4" el="47" ec="28" bec="0" bev="0" fileid="3" />
                <SequencePoint vc="1" uspid="140" ordinal="3" offset="10" sl="49" sc="7" el="49" ec="48" bec="0" bev="0" fileid="3" />
                <SequencePoint vc="1" uspid="141" ordinal="4" offset="20" sl="51" sc="4" el="51" ec="37" bec="0" bev="0" fileid="3" />
                <SequencePoint vc="1" uspid="142" ordinal="5" offset="28" sl="52" sc="3" el="52" ec="4" bec="0" bev="0" fileid="3" />
              </SequencePoints>
              <BranchPoints />
              <MethodPoint xsi:type="SequencePoint" vc="1" uspid="137" ordinal="0" offset="0" sl="44" sc="3" el="44" ec="4" bec="0" bev="0" fileid="3" />
            </Method>
            <Method visited="true" cyclomaticComplexity="1" sequenceCoverage="100" branchCoverage="100" isConstructor="false" isStatic="false" isGetter="false" isSetter="false">
              <Summary numSequencePoints="7" visitedSequencePoints="7" numBranchPoints="1" visitedBranchPoints="1" sequenceCoverage="100" branchCoverage="100" maxCyclomaticComplexity="1" minCyclomaticComplexity="1" />
              <MetadataToken>100663310</MetadataToken>
              <Name>System.Void holaMundo.SumaTest::Suma_DeNNumeros_True()</Name>
              <FileRef uid="3" />
              <SequencePoints>
                <SequencePoint vc="1" uspid="143" ordinal="0" offset="0" sl="56" sc="3" el="56" ec="4" bec="0" bev="0" fileid="3" />
                <SequencePoint vc="1" uspid="144" ordinal="1" offset="1" sl="58" sc="4" el="58" ec="43" bec="0" bev="0" fileid="3" />
                <SequencePoint vc="1" uspid="145" ordinal="2" offset="19" sl="59" sc="4" el="59" ec="21" bec="0" bev="0" fileid="3" />
                <SequencePoint vc="1" uspid="146" ordinal="3" offset="21" sl="60" sc="4" el="60" ec="28" bec="0" bev="0" fileid="3" />
                <SequencePoint vc="1" uspid="147" ordinal="4" offset="27" sl="62" sc="4" el="62" ec="48" bec="0" bev="0" fileid="3" />
                <SequencePoint vc="1" uspid="148" ordinal="5" offset="35" sl="64" sc="4" el="64" ec="37" bec="0" bev="0" fileid="3" />
                <SequencePoint vc="1" uspid="149" ordinal="6" offset="43" sl="65" sc="3" el="65" ec="4" bec="0" bev="0" fileid="3" />
              </SequencePoints>
              <BranchPoints />
              <MethodPoint xsi:type="SequencePoint" vc="1" uspid="143" ordinal="0" offset="0" sl="56" sc="3" el="56" ec="4" bec="0" bev="0" fileid="3" />
            </Method>
            <Method visited="true" cyclomaticComplexity="1" sequenceCoverage="100" branchCoverage="100" isConstructor="false" isStatic="false" isGetter="false" isSetter="false">
              <Summary numSequencePoints="7" visitedSequencePoints="7" numBranchPoints="1" visitedBranchPoints="1" sequenceCoverage="100" branchCoverage="100" maxCyclomaticComplexity="1" minCyclomaticComplexity="1" />
              <MetadataToken>100663311</MetadataToken>
              <Name>System.Void holaMundo.SumaTest::Suma_DeNNumerosPositivosNegativos_True()</Name>
              <FileRef uid="3" />
              <SequencePoints>
                <SequencePoint vc="1" uspid="150" ordinal="0" offset="0" sl="69" sc="3" el="69" ec="4" bec="0" bev="0" fileid="3" />
                <SequencePoint vc="1" uspid="151" ordinal="1" offset="1" sl="71" sc="4" el="71" ec="46" bec="0" bev="0" fileid="3" />
                <SequencePoint vc="1" uspid="152" ordinal="2" offset="19" sl="72" sc="4" el="72" ec="21" bec="0" bev="0" fileid="3" />
                <SequencePoint vc="1" uspid="153" ordinal="3" offset="21" sl="73" sc="4" el="73" ec="28" bec="0" bev="0" fileid="3" />
                <SequencePoint vc="1" uspid="154" ordinal="4" offset="27" sl="75" sc="4" el="75" ec="48" bec="0" bev="0" fileid="3" />
                <SequencePoint vc="1" uspid="155" ordinal="5" offset="35" sl="77" sc="4" el="77" ec="37" bec="0" bev="0" fileid="3" />
                <SequencePoint vc="1" uspid="156" ordinal="6" offset="43" sl="78" sc="3" el="78" ec="4" bec="0" bev="0" fileid="3" />
              </SequencePoints>
              <BranchPoints />
              <MethodPoint xsi:type="SequencePoint" vc="1" uspid="150" ordinal="0" offset="0" sl="69" sc="3" el="69" ec="4" bec="0" bev="0" fileid="3" />
            </Method>
            <Method visited="true" cyclomaticComplexity="1" sequenceCoverage="100" branchCoverage="100" isConstructor="false" isStatic="false" isGetter="false" isSetter="false">
              <Summary numSequencePoints="7" visitedSequencePoints="7" numBranchPoints="1" visitedBranchPoints="1" sequenceCoverage="100" branchCoverage="100" maxCyclomaticComplexity="1" minCyclomaticComplexity="1" />
              <MetadataToken>100663312</MetadataToken>
              <Name>System.Void holaMundo.SumaTest::Suma_SinNUmeros_True()</Name>
              <FileRef uid="3" />
              <SequencePoints>
                <SequencePoint vc="1" uspid="157" ordinal="0" offset="0" sl="82" sc="3" el="82" ec="4" bec="0" bev="0" fileid="3" />
                <SequencePoint vc="1" uspid="158" ordinal="1" offset="1" sl="84" sc="4" el="84" ec="35" bec="0" bev="0" fileid="3" />
                <SequencePoint vc="1" uspid="159" ordinal="2" offset="12" sl="85" sc="4" el="85" ec="21" bec="0" bev="0" fileid="3" />
                <SequencePoint vc="1" uspid="160" ordinal="3" offset="14" sl="86" sc="4" el="86" ec="28" bec="0" bev="0" fileid="3" />
                <SequencePoint vc="1" uspid="161" ordinal="4" offset="20" sl="88" sc="4" el="88" ec="48" bec="0" bev="0" fileid="3" />
                <SequencePoint vc="1" uspid="162" ordinal="5" offset="28" sl="90" sc="4" el="90" ec="37" bec="0" bev="0" fileid="3" />
                <SequencePoint vc="1" uspid="163" ordinal="6" offset="36" sl="91" sc="3" el="91" ec="4" bec="0" bev="0" fileid="3" />
              </SequencePoints>
              <BranchPoints />
              <MethodPoint xsi:type="SequencePoint" vc="1" uspid="157" ordinal="0" offset="0" sl="82" sc="3" el="82" ec="4" bec="0" bev="0" fileid="3" />
            </Method>
            <Method visited="true" cyclomaticComplexity="1" sequenceCoverage="100" branchCoverage="100" isConstructor="false" isStatic="false" isGetter="false" isSetter="false">
              <Summary numSequencePoints="7" visitedSequencePoints="7" numBranchPoints="1" visitedBranchPoints="1" sequenceCoverage="100" branchCoverage="100" maxCyclomaticComplexity="1" minCyclomaticComplexity="1" />
              <MetadataToken>100663313</MetadataToken>
              <Name>System.Void holaMundo.SumaTest::Max_DeNNumeros_true()</Name>
              <FileRef uid="3" />
              <SequencePoints>
                <SequencePoint vc="1" uspid="164" ordinal="0" offset="0" sl="95" sc="3" el="95" ec="4" bec="0" bev="0" fileid="3" />
                <SequencePoint vc="1" uspid="165" ordinal="1" offset="1" sl="97" sc="4" el="97" ec="45" bec="0" bev="0" fileid="3" />
                <SequencePoint vc="1" uspid="166" ordinal="2" offset="19" sl="98" sc="4" el="98" ec="23" bec="0" bev="0" fileid="3" />
                <SequencePoint vc="1" uspid="167" ordinal="3" offset="22" sl="99" sc="4" el="99" ec="28" bec="0" bev="0" fileid="3" />
                <SequencePoint vc="1" uspid="168" ordinal="4" offset="28" sl="101" sc="4" el="101" ec="43" bec="0" bev="0" fileid="3" />
                <SequencePoint vc="1" uspid="169" ordinal="5" offset="36" sl="103" sc="4" el="103" ec="37" bec="0" bev="0" fileid="3" />
                <SequencePoint vc="1" uspid="170" ordinal="6" offset="44" sl="104" sc="3" el="104" ec="4" bec="0" bev="0" fileid="3" />
              </SequencePoints>
              <BranchPoints />
              <MethodPoint xsi:type="SequencePoint" vc="1" uspid="164" ordinal="0" offset="0" sl="95" sc="3" el="95" ec="4" bec="0" bev="0" fileid="3" />
            </Method>
            <Method visited="true" cyclomaticComplexity="1" sequenceCoverage="100" branchCoverage="100" isConstructor="false" isStatic="false" isGetter="false" isSetter="false">
              <Summary numSequencePoints="7" visitedSequencePoints="7" numBranchPoints="1" visitedBranchPoints="1" sequenceCoverage="100" branchCoverage="100" maxCyclomaticComplexity="1" minCyclomaticComplexity="1" />
              <MetadataToken>100663314</MetadataToken>
              <Name>System.Void holaMundo.SumaTest::Max_DeNNumerosNegativos_true()</Name>
              <FileRef uid="3" />
              <SequencePoints>
                <SequencePoint vc="1" uspid="171" ordinal="0" offset="0" sl="108" sc="3" el="108" ec="4" bec="0" bev="0" fileid="3" />
                <SequencePoint vc="1" uspid="172" ordinal="1" offset="1" sl="110" sc="4" el="110" ec="50" bec="0" bev="0" fileid="3" />
                <SequencePoint vc="1" uspid="173" ordinal="2" offset="19" sl="111" sc="4" el="111" ec="22" bec="0" bev="0" fileid="3" />
                <SequencePoint vc="1" uspid="174" ordinal="3" offset="21" sl="112" sc="4" el="112" ec="28" bec="0" bev="0" fileid="3" />
                <SequencePoint vc="1" uspid="175" ordinal="4" offset="27" sl="114" sc="4" el="114" ec="43" bec="0" bev="0" fileid="3" />
                <SequencePoint vc="1" uspid="176" ordinal="5" offset="35" sl="116" sc="4" el="116" ec="37" bec="0" bev="0" fileid="3" />
                <SequencePoint vc="1" uspid="177" ordinal="6" offset="43" sl="117" sc="3" el="117" ec="4" bec="0" bev="0" fileid="3" />
              </SequencePoints>
              <BranchPoints />
              <MethodPoint xsi:type="SequencePoint" vc="1" uspid="171" ordinal="0" offset="0" sl="108" sc="3" el="108" ec="4" bec="0" bev="0" fileid="3" />
            </Method>
            <Method visited="true" cyclomaticComplexity="1" sequenceCoverage="100" branchCoverage="100" isConstructor="false" isStatic="false" isGetter="false" isSetter="false">
              <Summary numSequencePoints="7" visitedSequencePoints="7" numBranchPoints="1" visitedBranchPoints="1" sequenceCoverage="100" branchCoverage="100" maxCyclomaticComplexity="1" minCyclomaticComplexity="1" />
              <MetadataToken>100663315</MetadataToken>
              <Name>System.Void holaMundo.SumaTest::Min_DeNNumerosPositivos_true()</Name>
              <FileRef uid="3" />
              <SequencePoints>
                <SequencePoint vc="1" uspid="178" ordinal="0" offset="0" sl="121" sc="3" el="121" ec="4" bec="0" bev="0" fileid="3" />
                <SequencePoint vc="1" uspid="179" ordinal="1" offset="1" sl="123" sc="4" el="123" ec="47" bec="0" bev="0" fileid="3" />
                <SequencePoint vc="1" uspid="180" ordinal="2" offset="19" sl="124" sc="4" el="124" ec="21" bec="0" bev="0" fileid="3" />
                <SequencePoint vc="1" uspid="181" ordinal="3" offset="21" sl="125" sc="4" el="125" ec="28" bec="0" bev="0" fileid="3" />
                <SequencePoint vc="1" uspid="182" ordinal="4" offset="27" sl="127" sc="4" el="127" ec="43" bec="0" bev="0" fileid="3" />
                <SequencePoint vc="1" uspid="183" ordinal="5" offset="35" sl="129" sc="4" el="129" ec="37" bec="0" bev="0" fileid="3" />
                <SequencePoint vc="1" uspid="184" ordinal="6" offset="43" sl="130" sc="3" el="130" ec="4" bec="0" bev="0" fileid="3" />
              </SequencePoints>
              <BranchPoints />
              <MethodPoint xsi:type="SequencePoint" vc="1" uspid="178" ordinal="0" offset="0" sl="121" sc="3" el="121" ec="4" bec="0" bev="0" fileid="3" />
            </Method>
            <Method visited="true" cyclomaticComplexity="1" sequenceCoverage="100" branchCoverage="100" isConstructor="false" isStatic="false" isGetter="false" isSetter="false">
              <Summary numSequencePoints="7" visitedSequencePoints="7" numBranchPoints="1" visitedBranchPoints="1" sequenceCoverage="100" branchCoverage="100" maxCyclomaticComplexity="1" minCyclomaticComplexity="1" />
              <MetadataToken>100663316</MetadataToken>
              <Name>System.Void holaMundo.SumaTest::Sort_BubbleSortMenorAMayor_true()</Name>
              <FileRef uid="3" />
              <SequencePoints>
                <SequencePoint vc="1" uspid="185" ordinal="0" offset="0" sl="134" sc="3" el="134" ec="4" bec="0" bev="0" fileid="3" />
                <SequencePoint vc="1" uspid="186" ordinal="1" offset="1" sl="136" sc="4" el="136" ec="47" bec="0" bev="0" fileid="3" />
                <SequencePoint vc="1" uspid="187" ordinal="2" offset="19" sl="137" sc="4" el="137" ec="47" bec="0" bev="0" fileid="3" />
                <SequencePoint vc="1" uspid="188" ordinal="3" offset="37" sl="138" sc="4" el="138" ec="28" bec="0" bev="0" fileid="3" />
                <SequencePoint vc="1" uspid="189" ordinal="4" offset="43" sl="140" sc="4" el="140" ec="55" bec="0" bev="0" fileid="3" />
                <SequencePoint vc="1" uspid="190" ordinal="5" offset="51" sl="142" sc="4" el="142" ec="37" bec="0" bev="0" fileid="3" />
                <SequencePoint vc="1" uspid="191" ordinal="6" offset="59" sl="143" sc="3" el="143" ec="4" bec="0" bev="0" fileid="3" />
              </SequencePoints>
              <BranchPoints />
              <MethodPoint xsi:type="SequencePoint" vc="1" uspid="185" ordinal="0" offset="0" sl="134" sc="3" el="134" ec="4" bec="0" bev="0" fileid="3" />
            </Method>
            <Method visited="true" cyclomaticComplexity="1" sequenceCoverage="100" branchCoverage="100" isConstructor="false" isStatic="false" isGetter="false" isSetter="false">
              <Summary numSequencePoints="7" visitedSequencePoints="7" numBranchPoints="1" visitedBranchPoints="1" sequenceCoverage="100" branchCoverage="100" maxCyclomaticComplexity="1" minCyclomaticComplexity="1" />
              <MetadataToken>100663317</MetadataToken>
              <Name>System.Void holaMundo.SumaTest::Sort_BubbleSortMayorAMenor_true()</Name>
              <FileRef uid="3" />
              <SequencePoints>
                <SequencePoint vc="1" uspid="192" ordinal="0" offset="0" sl="147" sc="3" el="147" ec="4" bec="0" bev="0" fileid="3" />
                <SequencePoint vc="1" uspid="193" ordinal="1" offset="1" sl="149" sc="4" el="149" ec="47" bec="0" bev="0" fileid="3" />
                <SequencePoint vc="1" uspid="194" ordinal="2" offset="19" sl="150" sc="4" el="150" ec="47" bec="0" bev="0" fileid="3" />
                <SequencePoint vc="1" uspid="195" ordinal="3" offset="37" sl="151" sc="4" el="151" ec="28" bec="0" bev="0" fileid="3" />
                <SequencePoint vc="1" uspid="196" ordinal="4" offset="43" sl="153" sc="4" el="153" ec="55" bec="0" bev="0" fileid="3" />
                <SequencePoint vc="1" uspid="197" ordinal="5" offset="51" sl="155" sc="4" el="155" ec="37" bec="0" bev="0" fileid="3" />
                <SequencePoint vc="1" uspid="198" ordinal="6" offset="59" sl="156" sc="3" el="156" ec="4" bec="0" bev="0" fileid="3" />
              </SequencePoints>
              <BranchPoints />
              <MethodPoint xsi:type="SequencePoint" vc="1" uspid="192" ordinal="0" offset="0" sl="147" sc="3" el="147" ec="4" bec="0" bev="0" fileid="3" />
            </Method>
            <Method visited="true" cyclomaticComplexity="2" sequenceCoverage="91.67" branchCoverage="100" isConstructor="false" isStatic="false" isGetter="false" isSetter="false">
              <Summary numSequencePoints="12" visitedSequencePoints="11" numBranchPoints="3" visitedBranchPoints="3" sequenceCoverage="91.67" branchCoverage="100" maxCyclomaticComplexity="2" minCyclomaticComplexity="2" />
              <MetadataToken>100663318</MetadataToken>
              <Name>System.Void holaMundo.SumaTest::Numero_Fibonnaci_True()</Name>
              <FileRef uid="3" />
              <SequencePoints>
                <SequencePoint vc="1" uspid="199" ordinal="0" offset="0" sl="160" sc="3" el="160" ec="4" bec="0" bev="0" fileid="3" />
                <SequencePoint vc="1" uspid="200" ordinal="1" offset="1" sl="163" sc="4" el="163" ec="43" bec="0" bev="0" fileid="3" />
                <SequencePoint vc="1" uspid="201" ordinal="2" offset="19" sl="164" sc="4" el="164" ec="28" bec="0" bev="0" fileid="3" />
                <SequencePoint vc="1" uspid="202" ordinal="3" offset="25" sl="167" sc="4" el="167" ec="36" bec="0" bev="0" fileid="3" />
                <SequencePoint vc="1" uspid="203" ordinal="4" offset="32" sl="168" sc="9" el="168" ec="19" bec="0" bev="0" fileid="3" />
                <SequencePoint vc="5" uspid="204" ordinal="5" offset="36" sl="168" sc="35" el="168" ec="36" bec="0" bev="0" fileid="3" />
                <SequencePoint vc="5" uspid="205" ordinal="6" offset="37" sl="169" sc="5" el="169" ec="42" bec="0" bev="0" fileid="3" />
                <SequencePoint vc="5" uspid="206" ordinal="7" offset="47" sl="170" sc="4" el="170" ec="5" bec="0" bev="0" fileid="3" />
                <SequencePoint vc="5" uspid="207" ordinal="8" offset="48" sl="168" sc="31" el="168" ec="34" bec="0" bev="0" fileid="3" />
                <SequencePoint vc="6" uspid="208" ordinal="9" offset="52" sl="168" sc="20" el="168" ec="29" bec="2" bev="2" fileid="3" />
                <SequencePoint vc="1" uspid="209" ordinal="10" offset="62" sl="172" sc="4" el="172" ec="37" bec="0" bev="0" fileid="3" />
                <SequencePoint vc="0" uspid="210" ordinal="11" offset="70" sl="173" sc="3" el="173" ec="4" bec="0" bev="0" fileid="3" />
              </SequencePoints>
              <BranchPoints>
                <BranchPoint vc="1" uspid="211" ordinal="0" offset="60" path="0" offsetchain="" offsetend="62" />
                <BranchPoint vc="5" uspid="212" ordinal="1" offset="60" path="1" offsetchain="" offsetend="36" />
              </BranchPoints>
              <MethodPoint xsi:type="SequencePoint" vc="1" uspid="199" ordinal="0" offset="0" sl="160" sc="3" el="160" ec="4" bec="0" bev="0" fileid="3" />
            </Method>
            <Method visited="true" cyclomaticComplexity="1" sequenceCoverage="0" branchCoverage="0" isConstructor="true" isStatic="false" isGetter="false" isSetter="false">
              <Summary numSequencePoints="0" visitedSequencePoints="0" numBranchPoints="0" visitedBranchPoints="0" sequenceCoverage="0" branchCoverage="0" maxCyclomaticComplexity="1" minCyclomaticComplexity="1" />
              <MetadataToken>100663319</MetadataToken>
              <Name>System.Void holaMundo.SumaTest::.ctor()</Name>
              <SequencePoints />
              <BranchPoints />
              <MethodPoint vc="1" uspid="213" ordinal="0" offset="0" />
            </Method>
          </Methods>
        </Class>
        <Class>
          <Summary numSequencePoints="0" visitedSequencePoints="0" numBranchPoints="0" visitedBranchPoints="0" sequenceCoverage="0" branchCoverage="0" maxCyclomaticComplexity="0" minCyclomaticComplexity="0" />
          <FullName>&lt;PrivateImplementationDetails&gt;{BF73BB7C-B704-48FF-8B75-9BDDBCDA806A}</FullName>
          <Methods />
        </Class>
      </Classes>
    </Module>
    <Module skippedDueTo="MissingPdb" hash="42-83-FE-A6-9F-01-8E-2C-E8-41-E9-25-3E-1E-0D-99-81-76-6B-C9">
      <FullName>C:\Users\Sercop-Admin\AppData\Local\Temp\nunit20\ShadowCopyCache\6772_636516970912553127\Tests_6978611\assembly\dl3\4f68e4e7\00a70f1f_1740d101\nunit.framework.dll</FullName>
      <ModuleName>nunit.framework</ModuleName>
      <Classes />
    </Module>
  </Modules>
</CoverageSession>